<?xml version="1.0" encoding="UTF-8"?>
<!-- Generated by org.testng.reporters.JUnitReportReporter -->
<testsuite skipped="0" hostname="BLL05605" name="com.profiler.classification.ProfileRoleTest" tests="4" failures="0" timestamp="21 Jun 2019 11:04:02 GMT" time="481.300" errors="0">
  <testcase name="testCreateProfileRole" time="167.536" classname="com.profiler.classification.ProfileRoleTest"/>
  <testcase name="testEditProfileRole" time="92.147" classname="com.profiler.classification.ProfileRoleTest"/>
  <testcase name="testDeleteProfileRole" time="110.305" classname="com.profiler.classification.ProfileRoleTest"/>
  <testcase name="testMultipleProfileRolesDelete" time="111.312" classname="com.profiler.classification.ProfileRoleTest"/>
</testsuite> <!-- com.profiler.classification.ProfileRoleTest -->
