<?xml version="1.0" encoding="UTF-8"?>
<!-- Generated by org.testng.reporters.JUnitReportReporter -->
<testsuite skipped="0" hostname="BLL05605" name="com.profiler.contractmgt.ContractManagementTest" tests="1" failures="0" timestamp="02 Jul 2019 16:46:57 GMT" time="265.418" errors="0">
  <testcase name="AddContractManagement" time="265.418" classname="com.profiler.contractmgt.ContractManagementTest"/>
</testsuite> <!-- com.profiler.contractmgt.ContractManagementTest -->
