<?xml version="1.0" encoding="UTF-8"?>
<!-- Generated by org.testng.reporters.JUnitReportReporter -->
<testsuite skipped="0" hostname="BLL05605" name="com.profiler.classification.TherapeuticAreaTest" tests="4" failures="0" timestamp="19 Jun 2019 06:13:21 GMT" time="665.673" errors="0">
  <testcase name="testCreateTherapeuticArea" time="214.213" classname="com.profiler.classification.TherapeuticAreaTest"/>
  <testcase name="testEditTherapeuticArea" time="123.192" classname="com.profiler.classification.TherapeuticAreaTest"/>
  <testcase name="testDeleteTherapeuticArea" time="203.793" classname="com.profiler.classification.TherapeuticAreaTest"/>
  <testcase name="testMultipleTherapeuticAreasDelete" time="124.475" classname="com.profiler.classification.TherapeuticAreaTest"/>
</testsuite> <!-- com.profiler.classification.TherapeuticAreaTest -->
