<?xml version="1.0" encoding="UTF-8"?>
<!-- Generated by org.testng.reporters.JUnitReportReporter -->
<testsuite skipped="0" hostname="BLL05605" name="com.profiler.classification.WordSearch" tests="1" failures="0" timestamp="03 Jul 2019 13:47:23 GMT" time="18.528" errors="0">
  <testcase name="searchTextCount" time="18.528" classname="com.profiler.classification.WordSearch"/>
</testsuite> <!-- com.profiler.classification.WordSearch -->
